2024-04-25 02:02:04.001  INFO 13469 --- [main] c.p.c.ChannelServiceApplicationKt        : Starting ChannelServiceApplicationKt using Java 11.0.17 on PhamVietTu.local with PID 13469 (/Users/macad/Documents/Project/microservice-git/microservice/channel_service/build/classes/kotlin/main started by macad in /Users/macad/Documents/Project/microservice-git/microservice/channel_service)
2024-04-25 02:02:04.023  INFO 13469 --- [main] c.p.c.ChannelServiceApplicationKt        : No active profile set, falling back to 1 default profile: "default"
2024-04-25 02:02:06.543  INFO 13469 --- [main] .s.d.r.c.RepositoryConfigurationDelegate : Bootstrapping Spring Data JPA repositories in DEFAULT mode.
2024-04-25 02:02:06.866  INFO 13469 --- [main] .s.d.r.c.RepositoryConfigurationDelegate : Finished Spring Data repository scanning in 305 ms. Found 9 JPA repository interfaces.
2024-04-25 02:02:08.031  INFO 13469 --- [main] o.s.b.w.embedded.tomcat.TomcatWebServer  : Tomcat initialized with port(s): 5502 (http)
2024-04-25 02:02:08.047  INFO 13469 --- [main] o.apache.catalina.core.StandardService   : Starting service [Tomcat]
2024-04-25 02:02:08.047  INFO 13469 --- [main] org.apache.catalina.core.StandardEngine  : Starting Servlet engine: [Apache Tomcat/9.0.73]
2024-04-25 02:02:08.191  INFO 13469 --- [main] o.a.c.c.C.[Tomcat].[localhost].[/]       : Initializing Spring embedded WebApplicationContext
2024-04-25 02:02:08.192  INFO 13469 --- [main] w.s.c.ServletWebServerApplicationContext : Root WebApplicationContext: initialization completed in 3981 ms
2024-04-25 02:02:08.569  INFO 13469 --- [main] o.hibernate.jpa.internal.util.LogHelper  : HHH000204: Processing PersistenceUnitInfo [name: default]
2024-04-25 02:02:08.649  INFO 13469 --- [main] org.hibernate.Version                    : HHH000412: Hibernate ORM core version 5.6.15.Final
2024-04-25 02:02:09.008  INFO 13469 --- [main] o.hibernate.annotations.common.Version   : HCANN000001: Hibernate Commons Annotations {5.1.2.Final}
2024-04-25 02:02:09.185  INFO 13469 --- [main] com.zaxxer.hikari.HikariDataSource       : HikariPool-1 - Starting...
2024-04-25 02:02:10.715  INFO 13469 --- [main] com.zaxxer.hikari.HikariDataSource       : HikariPool-1 - Start completed.
2024-04-25 02:02:10.757  INFO 13469 --- [main] org.hibernate.dialect.Dialect            : HHH000400: Using dialect: org.hibernate.dialect.PostgreSQL95Dialect
2024-04-25 02:02:11.855  INFO 13469 --- [main] o.h.e.t.j.p.i.JtaPlatformInitiator       : HHH000490: Using JtaPlatform implementation: [org.hibernate.engine.transaction.jta.platform.internal.NoJtaPlatform]
2024-04-25 02:02:11.878  INFO 13469 --- [main] j.LocalContainerEntityManagerFactoryBean : Initialized JPA EntityManagerFactory for persistence unit 'default'
2024-04-25 02:02:15.539  WARN 13469 --- [main] JpaBaseConfiguration$JpaWebConfiguration : spring.jpa.open-in-view is enabled by default. Therefore, database queries may be performed during view rendering. Explicitly configure spring.jpa.open-in-view to disable this warning
2024-04-25 02:02:16.455  INFO 13469 --- [main] o.s.b.w.embedded.tomcat.TomcatWebServer  : Tomcat started on port(s): 5502 (http) with context path ''
2024-04-25 02:02:16.459  INFO 13469 --- [main] o.s.a.r.c.CachingConnectionFactory       : Attempting to connect to: [localhost:5672]
2024-04-25 02:02:16.539  INFO 13469 --- [main] o.s.a.r.c.CachingConnectionFactory       : Created new connection: rabbitConnectionFactory#bd703bb:0/SimpleConnection@45f70f68 [delegate=amqp://guest@127.0.0.1:5672/, localPort= 49962]
2024-04-25 02:02:16.723  INFO 13469 --- [main] c.p.c.ChannelServiceApplicationKt        : Started ChannelServiceApplicationKt in 14.07 seconds (JVM running for 15.375)
2024-04-25 02:06:11.569  INFO 13469 --- [http-nio-0.0.0.0-5502-exec-1] o.a.c.c.C.[Tomcat].[localhost].[/]       : Initializing Spring DispatcherServlet 'dispatcherServlet'
2024-04-25 02:06:11.570  INFO 13469 --- [http-nio-0.0.0.0-5502-exec-1] o.s.web.servlet.DispatcherServlet        : Initializing Servlet 'dispatcherServlet'
2024-04-25 02:06:11.571  INFO 13469 --- [http-nio-0.0.0.0-5502-exec-1] o.s.web.servlet.DispatcherServlet        : Completed initialization in 1 ms
2024-04-25 03:50:26.851  INFO 13469 --- [org.springframework.amqp.rabbit.RabbitListenerEndpointContainer#0-2] o.s.a.r.l.SimpleMessageListenerContainer : Waiting for workers to finish.
2024-04-25 03:50:26.852  INFO 13469 --- [org.springframework.amqp.rabbit.RabbitListenerEndpointContainer#1-2] o.s.a.r.l.SimpleMessageListenerContainer : Waiting for workers to finish.
2024-04-25 03:50:26.853  INFO 13469 --- [org.springframework.amqp.rabbit.RabbitListenerEndpointContainer#2-2] o.s.a.r.l.SimpleMessageListenerContainer : Waiting for workers to finish.
2024-04-25 03:50:26.854  INFO 13469 --- [org.springframework.amqp.rabbit.RabbitListenerEndpointContainer#3-2] o.s.a.r.l.SimpleMessageListenerContainer : Waiting for workers to finish.
2024-04-25 03:50:26.991  INFO 13469 --- [org.springframework.amqp.rabbit.RabbitListenerEndpointContainer#0-2] o.s.a.r.l.SimpleMessageListenerContainer : Successfully waited for workers to finish.
2024-04-25 03:50:27.120  INFO 13469 --- [org.springframework.amqp.rabbit.RabbitListenerEndpointContainer#2-2] o.s.a.r.l.SimpleMessageListenerContainer : Successfully waited for workers to finish.
2024-04-25 03:50:27.525  INFO 13469 --- [org.springframework.amqp.rabbit.RabbitListenerEndpointContainer#3-2] o.s.a.r.l.SimpleMessageListenerContainer : Successfully waited for workers to finish.
2024-04-25 03:50:27.525  INFO 13469 --- [org.springframework.amqp.rabbit.RabbitListenerEndpointContainer#1-2] o.s.a.r.l.SimpleMessageListenerContainer : Successfully waited for workers to finish.
2024-04-25 03:50:27.552  INFO 13469 --- [SpringApplicationShutdownHook] o.s.a.r.l.SimpleMessageListenerContainer : Shutdown ignored - container is already stopped
2024-04-25 03:50:27.552  INFO 13469 --- [SpringApplicationShutdownHook] o.s.a.r.l.SimpleMessageListenerContainer : Shutdown ignored - container is already stopped
2024-04-25 03:50:27.552  INFO 13469 --- [SpringApplicationShutdownHook] o.s.a.r.l.SimpleMessageListenerContainer : Shutdown ignored - container is already stopped
2024-04-25 03:50:27.552  INFO 13469 --- [SpringApplicationShutdownHook] o.s.a.r.l.SimpleMessageListenerContainer : Shutdown ignored - container is already stopped
2024-04-25 03:50:27.561  INFO 13469 --- [SpringApplicationShutdownHook] j.LocalContainerEntityManagerFactoryBean : Closing JPA EntityManagerFactory for persistence unit 'default'
2024-04-25 03:50:27.564  INFO 13469 --- [SpringApplicationShutdownHook] com.zaxxer.hikari.HikariDataSource       : HikariPool-1 - Shutdown initiated...
2024-04-25 03:50:28.264  INFO 13469 --- [SpringApplicationShutdownHook] com.zaxxer.hikari.HikariDataSource       : HikariPool-1 - Shutdown completed.
