2024-03-17 21:38:32.644  INFO 7794 --- [main] com.pvt.gateway.GatewayApplicationKt     : Starting GatewayApplicationKt using Java 11.0.17 on PhamVietTu.local with PID 7794 (/Users/macad/Documents/Project/microservice/gateway/build/classes/kotlin/main started by macad in /Users/macad/Documents/Project/microservice/gateway)
2024-03-17 21:38:32.655  INFO 7794 --- [main] com.pvt.gateway.GatewayApplicationKt     : No active profile set, falling back to 1 default profile: "default"
2024-03-17 21:38:34.132  INFO 7794 --- [main] .s.d.r.c.RepositoryConfigurationDelegate : Bootstrapping Spring Data JPA repositories in DEFAULT mode.
2024-03-17 21:38:34.161  INFO 7794 --- [main] .s.d.r.c.RepositoryConfigurationDelegate : Finished Spring Data repository scanning in 14 ms. Found 0 JPA repository interfaces.
2024-03-17 21:38:34.423  INFO 7794 --- [main] o.s.cloud.context.scope.GenericScope     : BeanFactory id=634ace50-63fd-326a-9562-4f33b8810d27
2024-03-17 21:38:35.130  INFO 7794 --- [main] o.s.b.w.embedded.tomcat.TomcatWebServer  : Tomcat initialized with port(s): 8443 (http)
2024-03-17 21:38:35.144  INFO 7794 --- [main] o.apache.catalina.core.StandardService   : Starting service [Tomcat]
2024-03-17 21:38:35.144  INFO 7794 --- [main] org.apache.catalina.core.StandardEngine  : Starting Servlet engine: [Apache Tomcat/9.0.73]
2024-03-17 21:38:35.403  INFO 7794 --- [main] com.zaxxer.hikari.HikariDataSource       : HikariPool-1 - Starting...
2024-03-17 21:38:35.712  INFO 7794 --- [main] com.zaxxer.hikari.HikariDataSource       : HikariPool-1 - Start completed.
2024-03-17 21:38:35.779  INFO 7794 --- [main] o.hibernate.jpa.internal.util.LogHelper  : HHH000204: Processing PersistenceUnitInfo [name: default]
2024-03-17 21:38:35.835  INFO 7794 --- [main] org.hibernate.Version                    : HHH000412: Hibernate ORM core version 5.6.15.Final
2024-03-17 21:38:36.014  INFO 7794 --- [main] o.hibernate.annotations.common.Version   : HCANN000001: Hibernate Commons Annotations {5.1.2.Final}
2024-03-17 21:38:36.124  INFO 7794 --- [main] org.hibernate.dialect.Dialect            : HHH000400: Using dialect: org.hibernate.dialect.H2Dialect
2024-03-17 21:38:36.386  INFO 7794 --- [main] o.h.e.t.j.p.i.JtaPlatformInitiator       : HHH000490: Using JtaPlatform implementation: [org.hibernate.engine.transaction.jta.platform.internal.NoJtaPlatform]
2024-03-17 21:38:36.399  INFO 7794 --- [main] j.LocalContainerEntityManagerFactoryBean : Initialized JPA EntityManagerFactory for persistence unit 'default'
2024-03-17 21:38:37.631  INFO 7794 --- [main] o.s.c.g.r.RouteDefinitionRouteLocator    : Loaded RoutePredicateFactory [After]
2024-03-17 21:38:37.632  INFO 7794 --- [main] o.s.c.g.r.RouteDefinitionRouteLocator    : Loaded RoutePredicateFactory [Before]
2024-03-17 21:38:37.632  INFO 7794 --- [main] o.s.c.g.r.RouteDefinitionRouteLocator    : Loaded RoutePredicateFactory [Between]
2024-03-17 21:38:37.632  INFO 7794 --- [main] o.s.c.g.r.RouteDefinitionRouteLocator    : Loaded RoutePredicateFactory [Cookie]
2024-03-17 21:38:37.632  INFO 7794 --- [main] o.s.c.g.r.RouteDefinitionRouteLocator    : Loaded RoutePredicateFactory [Header]
2024-03-17 21:38:37.632  INFO 7794 --- [main] o.s.c.g.r.RouteDefinitionRouteLocator    : Loaded RoutePredicateFactory [Host]
2024-03-17 21:38:37.632  INFO 7794 --- [main] o.s.c.g.r.RouteDefinitionRouteLocator    : Loaded RoutePredicateFactory [Method]
2024-03-17 21:38:37.633  INFO 7794 --- [main] o.s.c.g.r.RouteDefinitionRouteLocator    : Loaded RoutePredicateFactory [Path]
2024-03-17 21:38:37.633  INFO 7794 --- [main] o.s.c.g.r.RouteDefinitionRouteLocator    : Loaded RoutePredicateFactory [Query]
2024-03-17 21:38:37.633  INFO 7794 --- [main] o.s.c.g.r.RouteDefinitionRouteLocator    : Loaded RoutePredicateFactory [ReadBody]
2024-03-17 21:38:37.633  INFO 7794 --- [main] o.s.c.g.r.RouteDefinitionRouteLocator    : Loaded RoutePredicateFactory [RemoteAddr]
2024-03-17 21:38:37.633  INFO 7794 --- [main] o.s.c.g.r.RouteDefinitionRouteLocator    : Loaded RoutePredicateFactory [XForwardedRemoteAddr]
2024-03-17 21:38:37.633  INFO 7794 --- [main] o.s.c.g.r.RouteDefinitionRouteLocator    : Loaded RoutePredicateFactory [Weight]
2024-03-17 21:38:37.633  INFO 7794 --- [main] o.s.c.g.r.RouteDefinitionRouteLocator    : Loaded RoutePredicateFactory [CloudFoundryRouteService]
2024-03-17 21:38:38.126  INFO 7794 --- [main] o.s.b.w.embedded.tomcat.TomcatWebServer  : Tomcat started on port(s): 8443 (http) with context path ''
2024-03-17 21:38:38.264  INFO 7794 --- [main] com.pvt.gateway.GatewayApplicationKt     : Started GatewayApplicationKt in 6.832 seconds (JVM running for 7.681)
2024-03-17 22:04:35.804  WARN 7794 --- [HikariPool-1 housekeeper] com.zaxxer.hikari.pool.HikariPool        : HikariPool-1 - Retrograde clock change detected (housekeeper delta=29s843ms), soft-evicting connections from pool.
