2024-04-25 02:01:55.350  INFO 13436 --- [main] c.p.r.ResourceServiceApplicationKt       : Starting ResourceServiceApplicationKt using Java 11.0.17 on PhamVietTu.local with PID 13436 (/Users/macad/Documents/Project/microservice-git/microservice/resource_service/build/classes/kotlin/main started by macad in /Users/macad/Documents/Project/microservice-git/microservice/resource_service)
2024-04-25 02:01:55.367  INFO 13436 --- [main] c.p.r.ResourceServiceApplicationKt       : No active profile set, falling back to 1 default profile: "default"
2024-04-25 02:01:57.039  INFO 13436 --- [main] .s.d.r.c.RepositoryConfigurationDelegate : Bootstrapping Spring Data JPA repositories in DEFAULT mode.
2024-04-25 02:01:57.211  INFO 13436 --- [main] .s.d.r.c.RepositoryConfigurationDelegate : Finished Spring Data repository scanning in 151 ms. Found 2 JPA repository interfaces.
2024-04-25 02:01:58.325  INFO 13436 --- [main] o.s.b.w.embedded.tomcat.TomcatWebServer  : Tomcat initialized with port(s): 5501 (http)
2024-04-25 02:01:58.343  INFO 13436 --- [main] o.apache.catalina.core.StandardService   : Starting service [Tomcat]
2024-04-25 02:01:58.343  INFO 13436 --- [main] org.apache.catalina.core.StandardEngine  : Starting Servlet engine: [Apache Tomcat/9.0.73]
2024-04-25 02:01:58.521  INFO 13436 --- [main] o.a.c.c.C.[Tomcat].[localhost].[/]       : Initializing Spring embedded WebApplicationContext
2024-04-25 02:01:58.522  INFO 13436 --- [main] w.s.c.ServletWebServerApplicationContext : Root WebApplicationContext: initialization completed in 3031 ms
2024-04-25 02:01:58.883  INFO 13436 --- [main] o.hibernate.jpa.internal.util.LogHelper  : HHH000204: Processing PersistenceUnitInfo [name: default]
2024-04-25 02:01:58.968  INFO 13436 --- [main] org.hibernate.Version                    : HHH000412: Hibernate ORM core version 5.6.15.Final
2024-04-25 02:01:59.374  INFO 13436 --- [main] o.hibernate.annotations.common.Version   : HCANN000001: Hibernate Commons Annotations {5.1.2.Final}
2024-04-25 02:01:59.575  INFO 13436 --- [main] com.zaxxer.hikari.HikariDataSource       : HikariPool-1 - Starting...
2024-04-25 02:02:00.894  INFO 13436 --- [main] com.zaxxer.hikari.HikariDataSource       : HikariPool-1 - Start completed.
2024-04-25 02:02:00.922  INFO 13436 --- [main] org.hibernate.dialect.Dialect            : HHH000400: Using dialect: org.hibernate.dialect.PostgreSQL95Dialect
2024-04-25 02:02:01.932  INFO 13436 --- [main] o.h.e.t.j.p.i.JtaPlatformInitiator       : HHH000490: Using JtaPlatform implementation: [org.hibernate.engine.transaction.jta.platform.internal.NoJtaPlatform]
2024-04-25 02:02:01.966  INFO 13436 --- [main] j.LocalContainerEntityManagerFactoryBean : Initialized JPA EntityManagerFactory for persistence unit 'default'
2024-04-25 02:02:04.910  WARN 13436 --- [main] JpaBaseConfiguration$JpaWebConfiguration : spring.jpa.open-in-view is enabled by default. Therefore, database queries may be performed during view rendering. Explicitly configure spring.jpa.open-in-view to disable this warning
2024-04-25 02:02:06.190  INFO 13436 --- [main] o.s.b.w.embedded.tomcat.TomcatWebServer  : Tomcat started on port(s): 5501 (http) with context path ''
2024-04-25 02:02:06.194  INFO 13436 --- [main] o.s.a.r.c.CachingConnectionFactory       : Attempting to connect to: [localhost:5672]
2024-04-25 02:02:06.430  INFO 13436 --- [main] o.s.a.r.c.CachingConnectionFactory       : Created new connection: rabbitConnectionFactory#3fb1948c:0/SimpleConnection@6258f9d1 [delegate=amqp://guest@127.0.0.1:5672/, localPort= 49939]
2024-04-25 02:02:06.540  INFO 13436 --- [main] c.p.r.ResourceServiceApplicationKt       : Started ResourceServiceApplicationKt in 12.088 seconds (JVM running for 12.897)
2024-04-25 02:02:06.563  INFO 13436 --- [main] c.p.r.services.UploadServiceImpl         : Created folder resource successfully
2024-04-25 02:06:13.414  INFO 13436 --- [http-nio-0.0.0.0-5501-exec-4] o.a.c.c.C.[Tomcat].[localhost].[/]       : Initializing Spring DispatcherServlet 'dispatcherServlet'
2024-04-25 02:06:13.416  INFO 13436 --- [http-nio-0.0.0.0-5501-exec-4] o.s.web.servlet.DispatcherServlet        : Initializing Servlet 'dispatcherServlet'
2024-04-25 02:06:13.417  INFO 13436 --- [http-nio-0.0.0.0-5501-exec-4] o.s.web.servlet.DispatcherServlet        : Completed initialization in 1 ms
2024-04-25 03:50:18.639  INFO 13436 --- [org.springframework.amqp.rabbit.RabbitListenerEndpointContainer#0-2] o.s.a.r.l.SimpleMessageListenerContainer : Waiting for workers to finish.
2024-04-25 03:50:19.076  INFO 13436 --- [org.springframework.amqp.rabbit.RabbitListenerEndpointContainer#0-2] o.s.a.r.l.SimpleMessageListenerContainer : Successfully waited for workers to finish.
2024-04-25 03:50:19.105  INFO 13436 --- [SpringApplicationShutdownHook] o.s.a.r.l.SimpleMessageListenerContainer : Shutdown ignored - container is already stopped
2024-04-25 03:50:19.110  INFO 13436 --- [SpringApplicationShutdownHook] j.LocalContainerEntityManagerFactoryBean : Closing JPA EntityManagerFactory for persistence unit 'default'
2024-04-25 03:50:19.115  INFO 13436 --- [SpringApplicationShutdownHook] com.zaxxer.hikari.HikariDataSource       : HikariPool-1 - Shutdown initiated...
2024-04-25 03:50:19.822  INFO 13436 --- [SpringApplicationShutdownHook] com.zaxxer.hikari.HikariDataSource       : HikariPool-1 - Shutdown completed.
